<?xml version="1.0" encoding="UTF-8"?>
<testsuite name="test.TrayMenuTest" tests="1" skipped="1" failures="0" errors="0" timestamp="2019-11-12T14:30:34" hostname="JinSeoncBookPro" time="0.0">
  <properties/>
  <testcase name="test" classname="test.TrayMenuTest" time="0.0">
    <skipped/>
  </testcase>
  <system-out><![CDATA[]]></system-out>
  <system-err><![CDATA[]]></system-err>
</testsuite>
